changeRotation
changeVariation
crash
destructObjectGroup
enableRenderCommands
environmentSetRainDensity
environmentSetSnowDensity
environmentSetWindDir
fastQuit
finishTransition
gainAchievement
gainRandomAchievement
getCorporationTime
getSessionTime
increaseTimeOfDay
initCorporationTime
initRandomSeed
isSessionLoadingDone
loadSavegame
openDebugInfoPage
playCameraSequenceSound
playSound
printCallstack
publishLoadedSession
reloadAssetInfos
reloadData
replaceMainModulePyBind11
restoreCameraView
rotateCameraAroundLookAt
rotateCameraAroundLookAtWithDuration
rotateCameraAroundObject
rotateCameraAroundObjectWithDuration
setBenchTag
setCameraPos
setMasterVolume
setMusicVolume
setNewSampling
setPostEffectEnabled
setSFXVolume
simulateWindowClose
soundEmitterPositionOffset
	as_integer_ratio
	conjugate
	fromhex
	hex
startBuild
startBuildCheat
startBuildModule
startBuildMove
startFAProfileStream
startLoopSequence
startMouseMode
startSessionLoadBlocking
stopFAProfileStream
stopSound
storeCameraView
takeScreenshot
testTimeQueue
toggleBlueprintMode
toggleFrameCaptureMode
toggleLensFlarePostEffect
toggleLightBoundToCamera
togglePortraitEditor
toggleTelemetry
toggleTextSourceResolving
toggleTickDayTime
toggleVideoPortraitEditor
unblockGameTiming
useDebugGameSetup
writeMemorySnapshot

0.022107362747192383
