onAssetCreated
	append
	clear
	copy
onAssetRemoved
	append
	clear
	copy
onAssetWatcherDone
	append
	clear
	copy
onCameraSequenceEnd
	append
	clear
	copy
onChangeSelection
	append
	clear
	copy
onDataReload
	append
	clear
	copy
onDataUnload
	append
	clear
	copy
onGUIDUnlocked
	append
	clear
	copy
onGUITimer
	append
	clear
	copy
onGameTimer
	append
	clear
	copy
onObjectBuilt
	append
	clear
	copy
onObjectDestroyed
	append
	clear
	copy
onObjectGUIDChanged
	append
	clear
	copy
onObjectSelected
	append
	clear
	copy
onQuestObjectCollected
	append
	clear
	copy
onQuestResolved
	append
	clear
	copy
onQuestStarted
	append
	clear
	copy
onRenderTimer
	append
	clear
	copy
onSessionEnter
	append
	clear
	copy
onSessionLeave
	append
	clear
	copy
onSessionLoad
	append
	clear
	copy
onSessionLoaded
	append
	clear
	copy
onSessionUnloaded
	append
	clear
	copy

0.03603339195251465
